--java.lang.AssertionError: SELECT SUM(agg0) FROM (SELECT ALL SUM(0.5476650820207791)  as agg0 FROM ONLY t1, t0* FULL OUTER JOIN ONLY t2 ON lower_inc((((('[-97706134,854950586)'::int4range)-('[-1889935187,-648960825)'::int4range)))-((('(-1816083714,804702918)'::int4range)+('[-1378575188,1561876350]'::int4range))))) INNER JOIN ONLY t4 ON (CAST(t4.c1 AS VARCHAR(637))) IN (upper('-0.0'), (rpad('1323515517', '138343314') COLLATE "en_PH.utf8"), ((CAST(-116055979 AS VARCHAR(682)))||(0.53888196))) INNER JOIN (SELECT 0.4550110473793125 FROM t0*, t1*, t2*, ONLY t4 WHERE upper((('')||(t1.c0)))!~((CAST(((t4.c1)||(t4.c1)) AS VARCHAR(982)))||(lower(']6HLKBpk')))) AS sub0 ON TRUE WHERE CAST(((lower(''))||(t1.c0)) AS BOOLEAN) UNION ALL SELECT ALL SUM(0.5476650820207791)  as agg0 FROM ONLY t1, t0* FULL OUTER JOIN ONLY t2 ON lower_inc((((('[-97706134,854950586)'::int4range)-('[-1889935187,-648960825)'::int4range)))-((('(-1816083714,804702918)'::int4range)+('[-1378575188,1561876350]'::int4range))))) INNER JOIN ONLY t4 ON ((t4.c1)::VARCHAR(637)) IN (upper('-0.0'), (rpad('1323515517', '138343314') COLLATE "en_PH.utf8"), ((CAST(-116055979 AS VARCHAR(682)))||(0.53888196))) JOIN (SELECT 0.4550110473793125 FROM t0, t1*, t2, ONLY t4 WHERE upper((('')||(t1.c0)))!~(((((t4.c1)||(t4.c1)))::VARCHAR(982))||(lower(']6HLKBpk')))) AS sub0 ON TRUE WHERE NOT ((((lower(''))||(t1.c0)))::BOOLEAN) UNION ALL SELECT ALL SUM(0.5476650820207791)  as agg0 FROM ONLY t1, t0* FULL OUTER JOIN ONLY t2 ON lower_inc((((('[-97706134,854950586)'::int4range)-('[-1889935187,-648960825)'::int4range)))-((('(-1816083714,804702918)'::int4range)+('[-1378575188,1561876350]'::int4range))))) INNER JOIN ONLY t4 ON ((t4.c1)::VARCHAR(637)) IN (upper('-0.0'), (rpad('1323515517', '138343314') COLLATE "en_PH.utf8"), ((CAST(-116055979 AS VARCHAR(682)))||(0.53888196))) INNER JOIN (SELECT 0.4550110473793125 FROM t0, t1*, t2*, ONLY t4 WHERE upper((('')||(t1.c0)))!~((CAST(((t4.c1)||(t4.c1)) AS VARCHAR(982)))||(lower(']6HLKBpk')))) AS sub0 ON TRUE WHERE (CAST(((lower(''))||(t1.c0)) AS BOOLEAN)) ISNULL) as asdf;
--	at sqlancer.common.query.SQLQueryAdapter.checkException(SQLQueryAdapter.java:124)
--	at sqlancer.common.query.SQLQueryAdapter.executeAndGet(SQLQueryAdapter.java:154)
--	at sqlancer.postgres.oracle.tlp.PostgresTLPAggregateOracle.getAggregateResult(PostgresTLPAggregateOracle.java:118)
--	at sqlancer.postgres.oracle.tlp.PostgresTLPAggregateOracle.aggregateCheck(PostgresTLPAggregateOracle.java:69)
--	at sqlancer.postgres.oracle.tlp.PostgresTLPAggregateOracle.check(PostgresTLPAggregateOracle.java:47)
--	at sqlancer.common.oracle.CompositeTestOracle.check(CompositeTestOracle.java:22)
--	at sqlancer.ProviderAdapter.generateAndTestDatabase(ProviderAdapter.java:61)
--	at sqlancer.Main$DBMSExecutor.run(Main.java:456)
--	at sqlancer.Main$2.run(Main.java:670)
--	at sqlancer.Main$2.runThread(Main.java:652)
--	at sqlancer.Main$2.run(Main.java:643)
--	at java.base/java.util.concurrent.ThreadPoolExecutor.runWorker(ThreadPoolExecutor.java:1128)
--	at java.base/java.util.concurrent.ThreadPoolExecutor$Worker.run(ThreadPoolExecutor.java:628)
--	at java.base/java.lang.Thread.run(Thread.java:829)
--Caused by: org.postgresql.util.PSQLException: ERROR: out of memory
--  Detail: Cannot enlarge string buffer containing 1073741810 bytes by 32 more bytes.
--	at org.postgresql.core.v3.QueryExecutorImpl.receiveErrorResponse(QueryExecutorImpl.java:2676)
--	at org.postgresql.core.v3.QueryExecutorImpl.processResults(QueryExecutorImpl.java:2366)
--	at org.postgresql.core.v3.QueryExecutorImpl.execute(QueryExecutorImpl.java:356)
--	at org.postgresql.jdbc.PgStatement.executeInternal(PgStatement.java:496)
--	at org.postgresql.jdbc.PgStatement.execute(PgStatement.java:413)
--	at org.postgresql.jdbc.PgStatement.executeWithFlags(PgStatement.java:333)
--	at org.postgresql.jdbc.PgStatement.executeCachedSql(PgStatement.java:319)
--	at org.postgresql.jdbc.PgStatement.executeWithFlags(PgStatement.java:295)
--	at org.postgresql.jdbc.PgStatement.executeQuery(PgStatement.java:244)
--	at sqlancer.common.query.SQLQueryAdapter.executeAndGet(SQLQueryAdapter.java:144)
--	... 12 more
---- Time: 2024/05/08 13:08:45
-- Database: database7
-- Database version: 17devel
-- seed value: 1715060714778
\c test;
DROP DATABASE IF EXISTS database7;
CREATE DATABASE database7 ;
\c database7;
CREATE TABLE t0(c0 DECIMAL  NULL PRIMARY KEY DEFAULT (0.07165349529775478) UNIQUE) USING heap;
CREATE UNLOGGED TABLE IF NOT EXISTS t1(c0 DECIMAL  UNIQUE NULL, c1 BIT VARYING(297) );
CREATE UNLOGGED TABLE IF NOT EXISTS t2(LIKE t0);
CREATE TEMPORARY TABLE t3(LIKE t1);
CREATE TABLE IF NOT EXISTS t4(LIKE t3);
UPDATE t0 SET c0=0.730940498398372 WHERE (((((((('(-1371526039,-134145103]'::int4range)-('(-1077102647,-827903074]'::int4range)))*((('[-1927049860,-112151139)'::int4range)*('(-1568073601,1430746425)'::int4range)))))-((((('(-317123272,2074939461]'::int4range)-('[842021577,1329967576)'::int4range)))-((('[699912194,1212502765)'::int4range)+('[-277801553,41184307]'::int4range)))))))<@((((((('(-400592079,961415847)'::int4range)*('(889493174,1202499591]'::int4range)))+((('[-1241167658,-518544298)'::int4range)*('(-1733720782,71455655]'::int4range)))))*((((('(-1816083714,1627930342)'::int4range)*(NULL)))*((('[-466897758,800825751]'::int4range)-('(-233789153,1618730515]'::int4range))))))));
UPDATE t2 SET c0=(t2.c0) WHERE ((family('43.199.76.86'))::VARCHAR(629) COLLATE "C")!~split_part(('Yji㫙f|L]3' COLLATE "pg_c_utf8"), upper('(-1517575932,1022377923]'::int4range));
UPDATE t1 SET c0=0.6916333843266327 WHERE CAST((((('(-1501325310,-681911439)'::int4range)+('(-380739943,1543923073]'::int4range)))*((('[-815207535,1627930342)'::int4range)-('[-1079809393,2021567508]'::int4range)))) AS VARCHAR(868))~*((((('֊-')||(CAST(0.7014885 AS MONEY))))||((110498450) IN (-1451849622))) COLLATE "en_IN.utf8");
UPDATE t2 SET c0=DEFAULT WHERE (CAST('201.88.212.91' AS INT)) NOTNULL;
UPDATE t0 SET c0=0.7635005097700427 WHERE ('23.228.19.138') NOT IN ('81.151.100.43');
ANALYZE( VERBOSE) t4;
UPDATE t0 SET c0=0.204670168658581 WHERE ((t0.c0)=(0.4473524777847304));
UPDATE t4 SET c0=0.2531491341207627 WHERE lower_inf((((((('(-1339544545,-156925832)'::int4range)+('[-1386190433,-648960825)'::int4range)))-((('[-968719131,1642214789]'::int4range)+('[-1055768534,836791018]'::int4range)))))-((((('(340413333,841829338]'::int4range)-('(-1208062814,-616220734]'::int4range)))+((('[-909983966,278170778]'::int4range)-('[353734707,1112698011)'::int4range)))))));
UPDATE t4 SET c1=B'1111111111111111111111111111111111011001010100011010010011000111', c0=DEFAULT WHERE (((((t4.c1)>>(t4.c1)))||(t4.c1))) BETWEEN (t4.c1) AND (t4.c1);
UPDATE t2 SET c0=(0.11416890111163702) WHERE (((((((('(830547338,1169176332)'::int4range)+('[-815264216,1603977494)'::int4range)))+((('[-1562441270,332653945)'::int4range)+('[-2118435374,-1000883297)'::int4range)))))*((('[-921469942,2108188417]'::int4range)+((('[-389446755,2055382216]'::int4range)*('(-1074732170,146309146)'::int4range)))))))@>((((((('(-259875759,2021567508)'::int4range)+('[-2053497224,-259375471)'::int4range)))*((('[-1180938905,-752991553)'::int4range)+('[-1427997825,110242706)'::int4range)))))*((((('(-1228907216,1976392255)'::int4range)*('(117943506,1709958520]'::int4range)))*('[-1259792634,-426358532)'::int4range))))));
DROP INDEX IF EXISTS i0;
DROP INDEX IF EXISTS i2, i0;
INSERT INTO t0(c0) VALUES(0.629866057300764);
DISCARD PLANS;
SET CONSTRAINTS ALL IMMEDIATE;
INSERT INTO t1(c0) VALUES(0.4823017889742759);
DISCARD TEMPORARY;
INSERT INTO t4(c0) VALUES(0.9445039512536672);
INSERT INTO t1(c1, c0) VALUES(B'1111111111111111111111111111111111001111001111001011000010001000', 0.07299368697874942);
ALTER TABLE  ONLY t4 VALIDATE CONSTRAINT asdf, ALTER c1 SET NOT NULL, FORCE ROW LEVEL SECURITY;
ALTER TABLE  ONLY t2 ALTER c0  TYPE boolean, ALTER c0 SET STORAGE EXTERNAL, ALTER c0 DROP DEFAULT, FORCE ROW LEVEL SECURITY, ALTER c0  RESET(n_distinct_inherited), OWNER TO CURRENT_USER, ALTER c0 SET NOT NULL, SET LOGGED, ADD CONSTRAINT O UNIQUE(c0) NOT VALID, NOT OF;
ALTER TABLE  ONLY t2 NOT OF, ALTER c0  TYPE REAL, ALTER c0 SET NOT NULL, SET UNLOGGED, ALTER c0 DROP DEFAULT, ALTER c0  SET(n_distinct_inherited=1.0E-4, n_distinct=-0.8), ALTER c0 SET STORAGE EXTENDED, FORCE ROW LEVEL SECURITY, SET WITHOUT OIDS;
ALTER TABLE  ONLY t4 SET WITHOUT CLUSTER, ADD CONSTRAINT N CHECK(reverse(('0.2748043273326599' COLLATE "en_US.utf8"))~*CAST(0.3840375816374947 AS VARCHAR)), ALTER c1 SET STATISTICS 3493;
ALTER TABLE  ONLY t4 ALTER c0 SET STORAGE PLAIN;
INSERT INTO t1(c0, c1) VALUES(0.9886891374434214, ((B'110010100000001101011101100011')&(((((((B'1111000010110011111110110010000')>>(B'1000001010000011100000101110101')))<<(((B'1111111111111111111111111111111110110000001010000010110000011111')#(B'110001110101001011110000010100')))))|(((((B'1101110000011010000010110100')>>(B'1110111000010011011000011000100')))<<(((B'11101101000011001110101110111')<<(B'1111111111111111111111111111111110110100000100011111001100001110')))))))));
INSERT INTO t2(c0) VALUES(0.05123534228216475), (0.29996493508309774), (0.6897054019196281);
DISCARD SEQUENCES;
INSERT INTO t2(c0) VALUES(0.4647671953006661), (0.9640951747827725), (0.5899705916196961) ON CONFLICT  DO NOTHING;
SET geqo_generations=1219108822;
DROP INDEX IF EXISTS i0;
INSERT INTO t1(c0) VALUES(0.7987872020926423), (0.4397530170432493), (0.3282769614586778) ON CONFLICT  DO NOTHING;
INSERT INTO t0(c0) VALUES(0.23313211364551267) ON CONFLICT  DO NOTHING;
UPDATE t0 SET c0=0.5733174623943008 WHERE FALSE;
INSERT INTO t4(c1) VALUES(B'111011100100110001111110001011') ON CONFLICT  DO NOTHING;
INSERT INTO t2(c0) VALUES(0.2862222055270838), (0.6856265590362831), (0.2007072564832244);
INSERT INTO t0(c0) VALUES(0.45821140403844796), (0.6943379062477765), (0.24104279490401426);
INSERT INTO t4(c1) VALUES(B'111101010010011011110000000111');
INSERT INTO t0(c0) VALUES(0.6053229400308322), (0.6975209812827685), (0.6693883367178608);
DROP INDEX IF EXISTS i0;
CREATE INDEX i0 ON ONLY t0 USING BTREE((((((((((B'1111111111111111111111111111111110110010101000011111001110110110')&(B'1111111111111111111111111111111110011001001010110011001100000110')))||(((B'1111111111111111111111111111111111101101010101110011011101110100')>>(B'1111111111111111111111111111111111101000000111110111001100110001')))))<<(B'1111111111111111111111111111111111010001111111111010111100010011')))|(((((((B'1111111111111111111111111111111111111000111011000000010110001010')|(B'10100111000110111000100000100')))#(((B'1111111111111111111111111111111111010010010110011111111011000100')<<(B'101111101110111010000110010111')))))<<(((((B'1100010111111110101010100110110')|(B'1111111111111111111111111111111111000110101111011100001101101101')))>>(((B'1101111001100111110111010011111')||(B'1111111111111111111111111111111110101110101100011101011110100000')))))))))) WHERE isempty((('[-94687328,1740812660)'::int4range)+((('[784012992,1941650177)'::int4range)*('(110498450,990118695)'::int4range)))));
CREATE INDEX i0 ON ONLY t2 USING BTREE(c0 ASC) INCLUDE(c0);
TRUNCATE TABLE t4 CONTINUE IDENTITY CASCADE;
UPDATE t1 SET c1=B'111100110001001000100100000011' WHERE NOT ((((CAST(1.68491635E9 AS MONEY))::VARCHAR(899))||(CAST(0.7564625 AS MONEY)))~*rpad(-2080657951, 'F%U?<X灇K'));
UPDATE t0 SET c0=0.39939904541581217 WHERE ((((((CAST((0.0061014965)::MONEY AS BOOLEAN))AND(NOT (FALSE))))AND((((((('(-1818680385,-1147322082)'::int4range)-('[-581613709,2062829075]'::int4range)))+((('[-1909099238,-380739943]'::int4range)+('[808249305,978255720)'::int4range)))))>&(range_merge((('(-1169335964,-313190922)'::int4range)+('[-2119931104,1887292165]'::int4range)), (('[-1422163170,1223023925]'::int4range)+('(-1706599687,-193576631)'::int4range))))))))OR((- (-1848143843)) IN (inet_client_port())));
UPDATE t0 SET c0=0.5296203475400213 WHERE ((((((((((NOT ((('0.4865326124014637' COLLATE "en_DK.utf8") SIMILAR TO ('' COLLATE "en_NZ.utf8"))))AND(((CAST('113.159.122.58' AS VARCHAR(950)))LIKE((('744583985' COLLATE "en_HK.utf8") COLLATE "en_BW.utf8"))))))OR((((('944598798' COLLATE "en_AU.utf8"))||((-4.6689776E8)::MONEY)) SIMILAR TO quote_literal('O4')))))OR(((((range_merge('(792559215,970938125]'::int4range, '[1701336775,1906178569]'::int4range))-((('[-2007207732,1684916399]'::int4range)+('[-79659805,39119485]'::int4range)))))-|-((((('(-947777825,1009042959]'::int4range)+('[-458765760,701307744]'::int4range)))+((('[-1990850583,512722837]'::int4range)-('[353334738,1237745992]'::int4range)))))))))OR((((t0.c0) BETWEEN SYMMETRIC (0.5350445796915628) AND (0.12247981487174919))OR(pg_is_other_temp_schema())))))AND((CAST(t0.c0 AS INT)) IN (5.87805738E8, 0.023455109595246215)));
UPDATE t0 SET c0=DEFAULT WHERE ((0.31985700191758215)IS NOT DISTINCT FROM(t0.c0));
INSERT INTO t2(c0) VALUES(0.15040733882002866);
INSERT INTO t0(c0) VALUES(0.13715800118840826), (0.9138838676923895), (0.853005897361269);
UPDATE t0 SET c0=(0.1953998935388912);
UPDATE t1 SET c0=0.7319299801826334, c1=(t1.c1) WHERE (lower(CAST(t1.c1 AS VARCHAR(624))) SIMILAR TO current_database());
ALTER TABLE  t1 NOT OF, ALTER c1 SET STORAGE MAIN, SET WITHOUT OIDS, ALTER c1 DROP NOT NULL, ALTER c1  TYPE name, NO FORCE ROW LEVEL SECURITY, SET WITHOUT CLUSTER, VALIDATE CONSTRAINT asdf, ALTER c0  SET(n_distinct_inherited=-1.0E-10, n_distinct=1.0E-4), DISABLE ROW LEVEL SECURITY, OWNER TO CURRENT_USER, REPLICA IDENTITY FULL, ENABLE ROW LEVEL SECURITY, SET UNLOGGED, ALTER c0  RESET(n_distinct_inherited);
ALTER TABLE  ONLY t1 DROP c1, ALTER c0 DROP DEFAULT, FORCE ROW LEVEL SECURITY, ALTER c1  SET DATA TYPE integer, SET LOGGED, REPLICA IDENTITY FULL;
INSERT INTO t1(c0) VALUES(0.1734029769242561);
INSERT INTO t2(c0) VALUES(0.895507595085391);
RESET ROLE;
DELETE FROM t0;
DELETE FROM t1 RETURNING (((((((('[-1312025646,1541561619]'::int4range)-('[-1271310393,1757138206]'::int4range)))+((('[-536236876,944548599)'::int4range)-('(-1371696025,-102800987]'::int4range)))))*((((('[-1795151481,1844739447)'::int4range)+('(-1297392895,145617723]'::int4range)))+((('[161745509,381479522]'::int4range)-('(-3947984,573597986)'::int4range)))))))+(((CAST(('' COLLATE "en_IN.utf8") AS int4range))-((((('[-1816431325,854893288]'::int4range)*('[-1298009162,908579250]'::int4range)))-((('(-1079329956,854950586)'::int4range)*('(-1648529809,401969386]'::int4range))))))));
DELETE FROM ONLY t2;
RESET ROLE;
SET SESSION cursor_tuple_fraction=0.1;
RESET ROLE;
UPDATE t2 SET c0=0.21258387644818344 WHERE (t2.c0) IN (0.8996575185328519);
DELETE FROM ONLY t2;
NOTIFY asdf, '';
INSERT INTO t0(c0) VALUES(0.5354329549423381);
UPDATE t4 SET c0=0.0924622264262912 WHERE (((t4.c1) BETWEEN SYMMETRIC (t4.c1) AND (((((t4.c1)&(t4.c1)))&(((t4.c1)#(t4.c1))))))OR((0.15551633307922053) BETWEEN (0.026722521721557535) AND (t4.c0)));
RESET ROLE;
INSERT INTO t2(c0) VALUES(0.07349996723414709);
DISCARD TEMP;
CREATE STATISTICS  s0 (dependencies, ndistinct) ON c0, c1 FROM t1;
INSERT INTO t0(c0) VALUES(0.20964692718677813) ON CONFLICT  DO NOTHING;
COMMIT;
SET SESSION statement_timeout = 5000;\n;
